[debug] [2021-11-21T18:33:42.111Z] ----------------------------------------------------------------------
[debug] [2021-11-21T18:33:42.113Z] Command:       C:\Program Files\nodejs\node.exe C:\Users\user\AppData\Roaming\npm\node_modules\firebase-tools\lib\bin\firebase.js deploy
[debug] [2021-11-21T18:33:42.113Z] CLI Version:   9.23.0
[debug] [2021-11-21T18:33:42.113Z] Platform:      win32
[debug] [2021-11-21T18:33:42.113Z] Node Version:  v12.17.0
[debug] [2021-11-21T18:33:42.116Z] Time:          Mon Nov 22 2021 03:33:42 GMT+0900 (GMT+09:00)
[debug] [2021-11-21T18:33:42.116Z] ----------------------------------------------------------------------
[debug] 
[debug] [2021-11-21T18:33:42.191Z] > command requires scopes: ["email","openid","https://www.googleapis.com/auth/cloudplatformprojects.readonly","https://www.googleapis.com/auth/firebase","https://www.googleapis.com/auth/cloud-platform"]
[debug] [2021-11-21T18:33:42.191Z] > authorizing via signed-in user (zhfptm12@gmail.com)
[debug] [2021-11-21T18:33:42.191Z] [iam] checking project restaurantinmeowner for permissions ["firebase.projects.get","firebasehosting.sites.update"]
[debug] [2021-11-21T18:33:42.193Z] >>> HTTP REQUEST POST https://cloudresourcemanager.googleapis.com/v1/projects/restaurantinmeowner:testIamPermissions  
 {"permissions":["firebase.projects.get","firebasehosting.sites.update"]}
[debug] [2021-11-21T18:33:43.091Z] <<< HTTP RESPONSE 200 {"content-type":"application/json; charset=UTF-8","vary":"X-Origin, Referer, Origin,Accept-Encoding","date":"Sun, 21 Nov 2021 18:33:43 GMT","server":"ESF","cache-control":"private","x-xss-protection":"0","x-frame-options":"SAMEORIGIN","x-content-type-options":"nosniff","server-timing":"gfet4t7; dur=729","alt-svc":"h3=\":443\"; ma=2592000,h3-29=\":443\"; ma=2592000,h3-Q050=\":443\"; ma=2592000,h3-Q046=\":443\"; ma=2592000,h3-Q043=\":443\"; ma=2592000,quic=\":443\"; ma=2592000; v=\"46,43\"","accept-ranges":"none","transfer-encoding":"chunked"}
[debug] [2021-11-21T18:33:43.092Z] [iam] error while checking permissions, command may fail: FirebaseError: Authorization failed. This account is missing the following required permissions on project restaurantinmeowner:

  firebase.projects.get
  firebasehosting.sites.update
[debug] [2021-11-21T18:33:43.093Z] > refreshing access token with scopes: []
[debug] [2021-11-21T18:33:43.093Z] >>> HTTP REQUEST POST https://www.googleapis.com/oauth2/v3/token  
 <request body omitted>
[debug] [2021-11-21T18:33:43.306Z] <<< HTTP RESPONSE 200 {"date":"Sun, 21 Nov 2021 18:33:43 GMT","expires":"Mon, 01 Jan 1990 00:00:00 GMT","pragma":"no-cache","cache-control":"no-cache, no-store, max-age=0, must-revalidate","content-type":"application/json; charset=utf-8","vary":"X-Origin, Referer, Origin,Accept-Encoding","server":"scaffolding on HTTPServer2","x-xss-protection":"0","x-frame-options":"SAMEORIGIN","x-content-type-options":"nosniff","alt-svc":"h3=\":443\"; ma=2592000,h3-29=\":443\"; ma=2592000,h3-Q050=\":443\"; ma=2592000,h3-Q046=\":443\"; ma=2592000,h3-Q043=\":443\"; ma=2592000,quic=\":443\"; ma=2592000; v=\"46,43\"","accept-ranges":"none","transfer-encoding":"chunked"}
[debug] [2021-11-21T18:33:43.331Z] >>> [apiv2][query] GET https://firebase.googleapis.com/v1beta1/projects/restaurantinmeowner [none]
[debug] [2021-11-21T18:33:44.220Z] <<< [apiv2][status] GET https://firebase.googleapis.com/v1beta1/projects/restaurantinmeowner 403
[debug] [2021-11-21T18:33:44.220Z] <<< [apiv2][body] GET https://firebase.googleapis.com/v1beta1/projects/restaurantinmeowner {"error":{"code":403,"message":"The caller does not have permission","status":"PERMISSION_DENIED"}}
[debug] [2021-11-21T18:33:44.220Z] HTTP Error: 403, The caller does not have permission
[debug] [2021-11-21T18:33:44.409Z] FirebaseError: HTTP Error: 403, The caller does not have permission
    at module.exports (C:\Users\user\AppData\Roaming\npm\node_modules\firebase-tools\lib\responseToError.js:38:12)
    at Client.doRequest (C:\Users\user\AppData\Roaming\npm\node_modules\firebase-tools\lib\apiv2.js:241:23)
    at processTicksAndRejections (internal/process/task_queues.js:97:5)
    at async Client.request (C:\Users\user\AppData\Roaming\npm\node_modules\firebase-tools\lib\apiv2.js:96:20)
    at async Object.getFirebaseProject (C:\Users\user\AppData\Roaming\npm\node_modules\firebase-tools\lib\management\projects.js:290:21)
    at async Object.getDefaultHostingSite (C:\Users\user\AppData\Roaming\npm\node_modules\firebase-tools\lib\getDefaultHostingSite.js:8:21)
    at async requireHostingSite (C:\Users\user\AppData\Roaming\npm\node_modules\firebase-tools\lib\requireHostingSite.js:9:18)
    at async Object.fn (C:\Users\user\AppData\Roaming\npm\node_modules\firebase-tools\lib\commands\deploy.js:73:9)
    at async C:\Users\user\AppData\Roaming\npm\node_modules\firebase-tools\lib\command.js:188:17
[error] 
[error] Error: Failed to get Firebase project restaurantinmeowner. Please make sure the project exists and your account has permission to access it.
