[debug] [2021-11-16T10:52:58.923Z] ----------------------------------------------------------------------
[debug] [2021-11-16T10:52:58.925Z] Command:       C:\Program Files\nodejs\node.exe C:\Users\user\AppData\Roaming\npm\node_modules\firebase-tools\lib\bin\firebase.js serve --only hosting
[debug] [2021-11-16T10:52:58.925Z] CLI Version:   9.22.0
[debug] [2021-11-16T10:52:58.925Z] Platform:      win32
[debug] [2021-11-16T10:52:58.925Z] Node Version:  v12.17.0
[debug] [2021-11-16T10:52:58.927Z] Time:          Tue Nov 16 2021 19:52:58 GMT+0900 (GMT+09:00)
[debug] [2021-11-16T10:52:58.928Z] ----------------------------------------------------------------------
[debug] 
[debug] [2021-11-16T10:52:58.989Z] > command requires scopes: ["email","openid","https://www.googleapis.com/auth/cloudplatformprojects.readonly","https://www.googleapis.com/auth/firebase","https://www.googleapis.com/auth/cloud-platform"]
[debug] [2021-11-16T10:52:58.989Z] > authorizing via signed-in user (zhfptm12@gmail.com)
[debug] [2021-11-16T10:52:58.990Z] [iam] checking project restaurantinme for permissions ["firebase.projects.get"]
[debug] [2021-11-16T10:52:58.993Z] > refreshing access token with scopes: ["email","https://www.googleapis.com/auth/cloud-platform","https://www.googleapis.com/auth/cloudplatformprojects.readonly","https://www.googleapis.com/auth/firebase","openid"]
[debug] [2021-11-16T10:52:58.993Z] >>> HTTP REQUEST POST https://www.googleapis.com/oauth2/v3/token  
 <request body omitted>
[debug] [2021-11-16T10:52:59.220Z] <<< HTTP RESPONSE 200 {"cache-control":"no-cache, no-store, max-age=0, must-revalidate","expires":"Mon, 01 Jan 1990 00:00:00 GMT","pragma":"no-cache","date":"Tue, 16 Nov 2021 10:52:59 GMT","content-type":"application/json; charset=utf-8","vary":"X-Origin, Referer, Origin,Accept-Encoding","server":"scaffolding on HTTPServer2","x-xss-protection":"0","x-frame-options":"SAMEORIGIN","x-content-type-options":"nosniff","alt-svc":"h3=\":443\"; ma=2592000,h3-29=\":443\"; ma=2592000,h3-Q050=\":443\"; ma=2592000,h3-Q046=\":443\"; ma=2592000,h3-Q043=\":443\"; ma=2592000,quic=\":443\"; ma=2592000; v=\"46,43\"","accept-ranges":"none","transfer-encoding":"chunked"}
[debug] [2021-11-16T10:52:59.253Z] >>> HTTP REQUEST POST https://cloudresourcemanager.googleapis.com/v1/projects/restaurantinme:testIamPermissions  
 {"permissions":["firebase.projects.get"]}
[debug] [2021-11-16T10:52:59.988Z] <<< HTTP RESPONSE 200 {"content-type":"application/json; charset=UTF-8","vary":"X-Origin, Referer, Origin,Accept-Encoding","date":"Tue, 16 Nov 2021 10:53:00 GMT","server":"ESF","cache-control":"private","x-xss-protection":"0","x-frame-options":"SAMEORIGIN","x-content-type-options":"nosniff","server-timing":"gfet4t7; dur=563","alt-svc":"h3=\":443\"; ma=2592000,h3-29=\":443\"; ma=2592000,h3-Q050=\":443\"; ma=2592000,h3-Q046=\":443\"; ma=2592000,h3-Q043=\":443\"; ma=2592000,quic=\":443\"; ma=2592000; v=\"46,43\"","accept-ranges":"none","transfer-encoding":"chunked"}
[debug] [2021-11-16T10:52:59.990Z] > refreshing access token with scopes: []
[debug] [2021-11-16T10:52:59.990Z] >>> HTTP REQUEST POST https://www.googleapis.com/oauth2/v3/token  
 <request body omitted>
[debug] [2021-11-16T10:53:00.214Z] <<< HTTP RESPONSE 200 {"date":"Tue, 16 Nov 2021 10:53:00 GMT","expires":"Mon, 01 Jan 1990 00:00:00 GMT","pragma":"no-cache","cache-control":"no-cache, no-store, max-age=0, must-revalidate","content-type":"application/json; charset=utf-8","vary":"X-Origin, Referer, Origin,Accept-Encoding","server":"scaffolding on HTTPServer2","x-xss-protection":"0","x-frame-options":"SAMEORIGIN","x-content-type-options":"nosniff","alt-svc":"h3=\":443\"; ma=2592000,h3-29=\":443\"; ma=2592000,h3-Q050=\":443\"; ma=2592000,h3-Q046=\":443\"; ma=2592000,h3-Q043=\":443\"; ma=2592000,quic=\":443\"; ma=2592000; v=\"46,43\"","accept-ranges":"none","transfer-encoding":"chunked"}
[debug] [2021-11-16T10:53:00.232Z] >>> [apiv2][query] GET https://firebase.googleapis.com/v1beta1/projects/restaurantinme [none]
[debug] [2021-11-16T10:53:00.780Z] <<< [apiv2][status] GET https://firebase.googleapis.com/v1beta1/projects/restaurantinme 200
[debug] [2021-11-16T10:53:00.781Z] <<< [apiv2][body] GET https://firebase.googleapis.com/v1beta1/projects/restaurantinme {"projectId":"restaurantinme","projectNumber":"429432477693","displayName":"RestaurantInMe","name":"projects/restaurantinme","resources":{"hostingSite":"restaurantinme"},"state":"ACTIVE"}
[debug] [2021-11-16T10:53:00.782Z] >>> [apiv2][query] GET https://firebasehosting.googleapis.com/v1beta1/projects/restaurantinme/sites 
[debug] [2021-11-16T10:53:01.772Z] <<< [apiv2][status] GET https://firebasehosting.googleapis.com/v1beta1/projects/restaurantinme/sites 200
[debug] [2021-11-16T10:53:01.772Z] <<< [apiv2][body] GET https://firebasehosting.googleapis.com/v1beta1/projects/restaurantinme/sites {"sites":[{"name":"projects/429432477693/sites/restaurantinme","defaultUrl":"https://restaurantinme.web.app","appId":"1:429432477693:web:758dae2b839e9b294e6b94","type":"DEFAULT_SITE"},{"name":"projects/429432477693/sites/restaurantinmeowner","defaultUrl":"https://restaurantinmeowner.web.app","appId":"1:429432477693:web:cd5519467a99c7034e6b94","type":"USER_SITE"}]}
[debug] [2021-11-16T10:53:01.772Z] >>> [apiv2][query] GET https://firebase.googleapis.com/v1beta1/projects/restaurantinme/webApps/1:429432477693:web:758dae2b839e9b294e6b94/config [none]
[debug] [2021-11-16T10:53:03.298Z] <<< [apiv2][status] GET https://firebase.googleapis.com/v1beta1/projects/restaurantinme/webApps/1:429432477693:web:758dae2b839e9b294e6b94/config 200
[debug] [2021-11-16T10:53:03.298Z] <<< [apiv2][body] GET https://firebase.googleapis.com/v1beta1/projects/restaurantinme/webApps/1:429432477693:web:758dae2b839e9b294e6b94/config {"projectId":"restaurantinme","appId":"1:429432477693:web:758dae2b839e9b294e6b94","storageBucket":"restaurantinme.appspot.com","apiKey":"AIzaSyBHcQEZEGb4dUZoyYqC98ChSfkKfi0BRUs","authDomain":"restaurantinme.firebaseapp.com","messagingSenderId":"429432477693","measurementId":"G-88E9EB3MVC"}
[info] i  hosting[restaurantinmeowner]: Serving hosting files from: WebProgrammingTermp\forUser {"metadata":{"emulator":{"name":"hosting"},"message":"Serving hosting files from: \u001b[1mWebProgrammingTermp\\forUser\u001b[22m"}}
[info] +  hosting[restaurantinmeowner]: Local server: http://localhost:5000 {"metadata":{"emulator":{"name":"hosting"},"message":"Local server: \u001b[4m\u001b[1mhttp://localhost:5000\u001b[22m\u001b[24m"}}
[info] i  hosting: 127.0.0.1 - - [16/Nov/2021:10:53:09 +0000] "GET / HTTP/1.1" 200 1729 "-" "Mozilla/5.0 (Windows NT 10.0; Win64; x64) AppleWebKit/537.36 (KHTML, like Gecko) Chrome/95.0.4638.69 Safari/537.36" {"metadata":{"emulator":{"name":"hosting"},"message":"127.0.0.1 - - [16/Nov/2021:10:53:09 +0000] \"GET / HTTP/1.1\" 200 1729 \"-\" \"Mozilla/5.0 (Windows NT 10.0; Win64; x64) AppleWebKit/537.36 (KHTML, like Gecko) Chrome/95.0.4638.69 Safari/537.36\""}}
[info] i  hosting: 127.0.0.1 - - [16/Nov/2021:10:53:09 +0000] "GET /__/firebase/init.js?useEmulator=true HTTP/1.1" 200 - "http://localhost:5000/" "Mozilla/5.0 (Windows NT 10.0; Win64; x64) AppleWebKit/537.36 (KHTML, like Gecko) Chrome/95.0.4638.69 Safari/537.36" {"metadata":{"emulator":{"name":"hosting"},"message":"127.0.0.1 - - [16/Nov/2021:10:53:09 +0000] \"GET /__/firebase/init.js?useEmulator=true HTTP/1.1\" 200 - \"http://localhost:5000/\" \"Mozilla/5.0 (Windows NT 10.0; Win64; x64) AppleWebKit/537.36 (KHTML, like Gecko) Chrome/95.0.4638.69 Safari/537.36\""}}
